Pig Stack Trace
---------------
ERROR 1002: Unable to store alias parsed_logs

org.apache.pig.impl.logicalLayer.FrontendException: ERROR 1066: Unable to open iterator for alias parsed_logs
	at org.apache.pig.PigServer.openIterator(PigServer.java:912)
	at org.apache.pig.tools.grunt.GruntParser.processDump(GruntParser.java:752)
	at org.apache.pig.tools.pigscript.parser.PigScriptParser.parse(PigScriptParser.java:372)
	at org.apache.pig.tools.grunt.GruntParser.parseStopOnError(GruntParser.java:228)
	at org.apache.pig.tools.grunt.GruntParser.parseStopOnError(GruntParser.java:203)
	at org.apache.pig.tools.grunt.Grunt.exec(Grunt.java:81)
	at org.apache.pig.Main.run(Main.java:608)
	at org.apache.pig.Main.main(Main.java:156)
	at sun.reflect.NativeMethodAccessorImpl.invoke0(Native Method)
	at sun.reflect.NativeMethodAccessorImpl.invoke(NativeMethodAccessorImpl.java:62)
	at sun.reflect.DelegatingMethodAccessorImpl.invoke(DelegatingMethodAccessorImpl.java:43)
	at java.lang.reflect.Method.invoke(Method.java:483)
	at org.apache.hadoop.util.RunJar.main(RunJar.java:212)
Caused by: org.apache.pig.PigException: ERROR 1002: Unable to store alias parsed_logs
	at org.apache.pig.PigServer.storeEx(PigServer.java:1015)
	at org.apache.pig.PigServer.store(PigServer.java:974)
	at org.apache.pig.PigServer.openIterator(PigServer.java:887)
	... 12 more
Caused by: org.apache.pig.backend.executionengine.ExecException: ERROR 0: java.util.regex.PatternSyntaxException: Dangling meta character '*' near index 1
(*|Response)(\s+\w+)(\s+\d+)(\s+\d\d/\d\d/\d\d\s+\d\d:\d\d:\d\d:\d\d\d\s+CST)
 ^
	at org.apache.pig.backend.hadoop.executionengine.HExecutionEngine.launchPig(HExecutionEngine.java:283)
	at org.apache.pig.PigServer.launchPlan(PigServer.java:1367)
	at org.apache.pig.PigServer.executeCompiledLogicalPlan(PigServer.java:1352)
	at org.apache.pig.PigServer.storeEx(PigServer.java:1011)
	... 14 more
Caused by: java.util.regex.PatternSyntaxException: Dangling meta character '*' near index 1
(*|Response)(\s+\w+)(\s+\d+)(\s+\d\d/\d\d/\d\d\s+\d\d:\d\d:\d\d:\d\d\d\s+CST)
 ^
	at java.util.regex.Pattern.error(Pattern.java:1955)
	at java.util.regex.Pattern.sequence(Pattern.java:2123)
	at java.util.regex.Pattern.expr(Pattern.java:1996)
	at java.util.regex.Pattern.group0(Pattern.java:2905)
	at java.util.regex.Pattern.sequence(Pattern.java:2051)
	at java.util.regex.Pattern.expr(Pattern.java:1996)
	at java.util.regex.Pattern.compile(Pattern.java:1696)
	at java.util.regex.Pattern.<init>(Pattern.java:1351)
	at java.util.regex.Pattern.compile(Pattern.java:1028)
	at org.apache.pig.backend.hadoop.executionengine.physicalLayer.expressionOperators.regex.RegexInit.compile(RegexInit.java:184)
	at org.apache.pig.backend.hadoop.executionengine.physicalLayer.expressionOperators.regex.RegexInit.match(RegexInit.java:207)
	at org.apache.pig.backend.hadoop.executionengine.physicalLayer.expressionOperators.PORegexp.getNextBoolean(PORegexp.java:83)
	at org.apache.pig.backend.hadoop.executionengine.physicalLayer.relationalOperators.POFilter.getNextTuple(POFilter.java:144)
	at org.apache.pig.backend.hadoop.executionengine.physicalLayer.PhysicalOperator.processInput(PhysicalOperator.java:281)
	at org.apache.pig.backend.hadoop.executionengine.physicalLayer.relationalOperators.POStore.getNextTuple(POStore.java:143)
	at org.apache.pig.backend.hadoop.executionengine.fetch.FetchLauncher.runPipeline(FetchLauncher.java:160)
	at org.apache.pig.backend.hadoop.executionengine.fetch.FetchLauncher.launchPig(FetchLauncher.java:81)
	at org.apache.pig.backend.hadoop.executionengine.HExecutionEngine.launchPig(HExecutionEngine.java:275)
	... 17 more
================================================================================
